Dec 12, 2015 3:27:04 PM model.DotsPairGenerator fillBlockSet
INFO: [4]
Dec 12, 2015 3:27:04 PM model.DotsPairGenerator fillBlockSet
INFO: [4, 3]
Dec 12, 2015 3:27:04 PM model.DotsPairGenerator fillBlockSet
INFO: [4, 3, 7]
Dec 12, 2015 3:27:04 PM model.DotsPairGenerator fillBlockSet
INFO: [4, 3, 7, 5]
Dec 12, 2015 3:27:04 PM model.DotsPairGenerator fillBlockSet
INFO: [4, 3, 7, 5, 6]
Dec 12, 2015 3:27:04 PM model.DotsPairGenerator fillBlockSet
INFO: [4, 3, 7, 5, 6, 2]
Dec 12, 2015 3:27:04 PM model.DotsPairGenerator fillBlockSet
INFO: [4, 3, 7, 5, 6, 2, 1]
Dec 12, 2015 3:27:04 PM model.DotsPairGenerator fillBlockSet
INFO: [4, 3, 7, 5, 6, 2, 1, 0]
Dec 12, 2015 3:27:09 PM controller.DotsGameController onClickStartButton
INFO: Subject ID: 433
Dec 12, 2015 3:27:09 PM controller.DotsGameController onClickStartButton
INFO: Subject Gender: MALE
Dec 12, 2015 3:27:09 PM controller.DotsGameController onClickStartButton
INFO: Subject Age: 23
Dec 12, 2015 3:27:12 PM model.DotsPairGenerator fillRatiosBucket
INFO: [{3,1}, {2,1}, {3,2}, {7,6}, {1,3}, {1,2}, {2,3}, {6,7}, {3,1}, {2,1}, {3,2}, {7,6}, {1,3}, {1,2}, {2,3}, {6,7}, {3,1}, {2,1}, {3,2}, {7,6}, {1,3}, {1,2}, {2,3}, {6,7}, {3,1}, {2,1}, {3,2}, {7,6}, {1,3}, {1,2}, {2,3}, {6,7}, {3,1}, {2,1}, {3,2}, {7,6}, {1,3}, {1,2}, {2,3}, {6,7}, {3,1}, {2,1}, {3,2}, {7,6}, {1,3}, {1,2}, {2,3}, {6,7}]
Dec 12, 2015 3:27:12 PM model.DotsPairGenerator getNewPair
INFO: 9 6
Dec 12, 2015 3:27:12 PM model.DotsPairGenerator getNewPair
INFO: 0.6
Dec 12, 2015 3:27:12 PM model.DotsPairGenerator getNewPair
INFO: 0.4
Dec 12, 2015 3:27:12 PM controller.DotsGameController$10 call
INFO: MASK
Dec 12, 2015 3:27:14 PM controller.DotsGameController recordResponseTime
INFO: Response time: 2.166583848
Dec 12, 2015 3:27:14 PM model.DotsPairGenerator getNewPair
INFO: 18 12
Dec 12, 2015 3:27:14 PM model.DotsPairGenerator getNewPair
INFO: 0.6
Dec 12, 2015 3:27:14 PM model.DotsPairGenerator getNewPair
INFO: 0.4
Dec 12, 2015 3:27:15 PM controller.DotsGameController$10 call
INFO: MASK
Dec 12, 2015 3:27:15 PM controller.DotsGameController recordResponseTime
INFO: Response time: 0.831816798
Dec 12, 2015 3:27:15 PM model.DotsPairGenerator getNewPair
INFO: 22 11
Dec 12, 2015 3:27:15 PM model.DotsPairGenerator getNewPair
INFO: 0.6666666666666666
Dec 12, 2015 3:27:15 PM model.DotsPairGenerator getNewPair
INFO: 0.3333333333333333
Dec 12, 2015 3:27:16 PM controller.DotsGameController$10 call
INFO: MASK
